# JRE version: OpenJDK Runtime Environment (21.0.6) (build 21.0.6+-13368085-b895.109)
# Java VM: OpenJDK 64-Bit Server VM (21.0.6+-13368085-b895.109, mixed mode, tiered, compressed oops, compressed class ptrs, g1 gc, windows-amd64)
GC Precious Log:
 CardTable entry size: 512
 Card Set container configuration: InlinePtr #cards 5 size 8 Array Of Cards #cards 12 size 40 Howl #buckets 4 coarsen threshold 1843 Howl Bitmap #cards 512 size 80 coarsen threshold 460 Card regions per heap region 1 cards per card region 2048
 CPUs: 12 total, 12 available
 Memory: 7520M
 Large Page Support: Disabled
 NUMA Support: Disabled
 Compressed Oops: Enabled (32-bit)
 Heap Region Size: 1M
 Heap Min Capacity: 8M
 Heap Initial Capacity: 118M
 Heap Max Capacity: 2G
 Pre-touch: Disabled
 Parallel Workers: 10
 Concurrent Workers: 3
 Concurrent Refinement Workers: 10
 Periodic GC: Disabled
Heap:
 garbage-first heap   total 179200K, used 123971K [0x0000000080000000, 0x0000000100000000)
  region size 1024K, 16 young (16384K), 3 survivors (3072K)
 Metaspace       used 112802K, committed 115008K, reserved 557056K
  class space    used 14939K, committed 16064K, reserved 425984K
GC Heap History (20 events):
Event: 31.900 GC heap before
{Heap before GC invocations=37 (full 0):
 garbage-first heap   total 138240K, used 120573K [0x0000000080000000, 0x0000000100000000)
  region size 1024K, 39 young (39936K), 4 survivors (4096K)
 Metaspace       used 97189K, committed 99392K, reserved 557056K
  class space    used 13130K, committed 14272K, reserved 425984K
}
Event: 31.906 GC heap after
{Heap after GC invocations=38 (full 0):
 garbage-first heap   total 138240K, used 87233K [0x0000000080000000, 0x0000000100000000)
  region size 1024K, 4 young (4096K), 4 survivors (4096K)
 Metaspace       used 97189K, committed 99392K, reserved 557056K
  class space    used 13130K, committed 14272K, reserved 425984K
}
Event: 32.123 GC heap before
{Heap before GC invocations=38 (full 0):
 garbage-first heap   total 138240K, used 121025K [0x0000000080000000, 0x0000000100000000)
  region size 1024K, 38 young (38912K), 4 survivors (4096K)
 Metaspace       used 97240K, committed 99456K, reserved 557056K
  class space    used 13130K, committed 14272K, reserved 425984K
}
Event: 32.126 GC heap after
{Heap after GC invocations=39 (full 0):
 garbage-first heap   total 138240K, used 88478K [0x0000000080000000, 0x0000000100000000)
  region size 1024K, 4 young (4096K), 4 survivors (4096K)
 Metaspace       used 97240K, committed 99456K, reserved 557056K
  class space    used 13130K, committed 14272K, reserved 425984K
}
Event: 32.348 GC heap before
{Heap before GC invocations=40 (full 0):
 garbage-first heap   total 148480K, used 123294K [0x0000000080000000, 0x0000000100000000)
  region size 1024K, 38 young (38912K), 4 survivors (4096K)
 Metaspace       used 97252K, committed 99456K, reserved 557056K
  class space    used 13130K, committed 14272K, reserved 425984K
}
Event: 32.351 GC heap after
{Heap after GC invocations=41 (full 0):
 garbage-first heap   total 148480K, used 89485K [0x0000000080000000, 0x0000000100000000)
  region size 1024K, 4 young (4096K), 4 survivors (4096K)
 Metaspace       used 97252K, committed 99456K, reserved 557056K
  class space    used 13130K, committed 14272K, reserved 425984K
}
Event: 32.660 GC heap before
{Heap before GC invocations=41 (full 0):
 garbage-first heap   total 148480K, used 131469K [0x0000000080000000, 0x0000000100000000)
  region size 1024K, 46 young (47104K), 4 survivors (4096K)
 Metaspace       used 97263K, committed 99520K, reserved 557056K
  class space    used 13131K, committed 14272K, reserved 425984K
}
Event: 32.665 GC heap after
{Heap after GC invocations=42 (full 0):
 garbage-first heap   total 148480K, used 87631K [0x0000000080000000, 0x0000000100000000)
  region size 1024K, 4 young (4096K), 4 survivors (4096K)
 Metaspace       used 97263K, committed 99520K, reserved 557056K
  class space    used 13131K, committed 14272K, reserved 425984K
}
Event: 32.911 GC heap before
{Heap before GC invocations=42 (full 0):
 garbage-first heap   total 148480K, used 105039K [0x0000000080000000, 0x0000000100000000)
  region size 1024K, 23 young (23552K), 4 survivors (4096K)
 Metaspace       used 97294K, committed 99520K, reserved 557056K
  class space    used 13135K, committed 14272K, reserved 425984K
}
Event: 32.914 GC heap after
{Heap after GC invocations=43 (full 0):
 garbage-first heap   total 148480K, used 88591K [0x0000000080000000, 0x0000000100000000)
  region size 1024K, 4 young (4096K), 4 survivors (4096K)
 Metaspace       used 97294K, committed 99520K, reserved 557056K
  class space    used 13135K, committed 14272K, reserved 425984K
}
Event: 33.802 GC heap before
{Heap before GC invocations=44 (full 0):
 garbage-first heap   total 153600K, used 139791K [0x0000000080000000, 0x0000000100000000)
  region size 1024K, 48 young (49152K), 4 survivors (4096K)
 Metaspace       used 99976K, committed 102208K, reserved 557056K
  class space    used 13458K, committed 14592K, reserved 425984K
}
Event: 33.805 GC heap after
{Heap after GC invocations=45 (full 0):
 garbage-first heap   total 153600K, used 100965K [0x0000000080000000, 0x0000000100000000)
  region size 1024K, 6 young (6144K), 6 survivors (6144K)
 Metaspace       used 99976K, committed 102208K, reserved 557056K
  class space    used 13458K, committed 14592K, reserved 425984K
}
Event: 34.401 GC heap before
{Heap before GC invocations=45 (full 0):
 garbage-first heap   total 153600K, used 137829K [0x0000000080000000, 0x0000000100000000)
  region size 1024K, 43 young (44032K), 6 survivors (6144K)
 Metaspace       used 104093K, committed 106304K, reserved 557056K
  class space    used 13823K, committed 14912K, reserved 425984K
}
Event: 34.407 GC heap after
{Heap after GC invocations=46 (full 0):
 garbage-first heap   total 153600K, used 100718K [0x0000000080000000, 0x0000000100000000)
  region size 1024K, 2 young (2048K), 2 survivors (2048K)
 Metaspace       used 104093K, committed 106304K, reserved 557056K
  class space    used 13823K, committed 14912K, reserved 425984K
}
Event: 34.800 GC heap before
{Heap before GC invocations=46 (full 0):
 garbage-first heap   total 153600K, used 117102K [0x0000000080000000, 0x0000000100000000)
  region size 1024K, 19 young (19456K), 2 survivors (2048K)
 Metaspace       used 106102K, committed 108288K, reserved 557056K
  class space    used 14065K, committed 15168K, reserved 425984K
}
Event: 34.804 GC heap after
{Heap after GC invocations=47 (full 0):
 garbage-first heap   total 153600K, used 102474K [0x0000000080000000, 0x0000000100000000)
  region size 1024K, 3 young (3072K), 3 survivors (3072K)
 Metaspace       used 106102K, committed 108288K, reserved 557056K
  class space    used 14065K, committed 15168K, reserved 425984K
}
Event: 35.422 GC heap before
{Heap before GC invocations=48 (full 0):
 garbage-first heap   total 179200K, used 143434K [0x0000000080000000, 0x0000000100000000)
  region size 1024K, 39 young (39936K), 3 survivors (3072K)
 Metaspace       used 107763K, committed 109952K, reserved 557056K
  class space    used 14301K, committed 15424K, reserved 425984K
}
Event: 35.425 GC heap after
{Heap after GC invocations=49 (full 0):
 garbage-first heap   total 179200K, used 106894K [0x0000000080000000, 0x0000000100000000)
  region size 1024K, 5 young (5120K), 5 survivors (5120K)
 Metaspace       used 107763K, committed 109952K, reserved 557056K
  class space    used 14301K, committed 15424K, reserved 425984K
}
Event: 41.874 GC heap before
{Heap before GC invocations=49 (full 0):
 garbage-first heap   total 179200K, used 157070K [0x0000000080000000, 0x0000000100000000)
  region size 1024K, 52 young (53248K), 5 survivors (5120K)
 Metaspace       used 111813K, committed 114048K, reserved 557056K
  class space    used 14792K, committed 15936K, reserved 425984K
}
Event: 41.880 GC heap after
{Heap after GC invocations=50 (full 0):
 garbage-first heap   total 179200K, used 111683K [0x0000000080000000, 0x0000000100000000)
  region size 1024K, 3 young (3072K), 3 survivors (3072K)
 Metaspace       used 111813K, committed 114048K, reserved 557056K
  class space    used 14792K, committed 15936K, reserved 425984K
}

